usage: unsupervised_train.py [-h] [-j N] [--epochs N] [--step N]
                             [--start-epoch N] [-b N] [--lr LR] [--momentum M]
                             [--weight-decay W] [--print-freq N] [-e]
                             [--seed SEED] [-g G] [-exp EXP_NAME] [--debug]
                             [--data {MARKET,MSMT17,DUKE,MSMT17Extra}]
                             [--num NUM] [--height HEIGHT] [--width WIDTH]
                             [--net {resnet50,PatchNet,PatchNetUn}]
                             [--scale SCALE] [--mm MM] [--ploss PLOSS]
                             [--iloss ILOSS] [--margin MARGIN]
                             [--pre-name PRE_NAME]
unsupervised_train.py: error: unrecognized arguments: ls
usage: unsupervised_train.py [-h] [-j N] [--epochs N] [--step N]
                             [--start-epoch N] [-b N] [--lr LR] [--momentum M]
                             [--weight-decay W] [--print-freq N] [-e]
                             [--seed SEED] [-g G] [-exp EXP_NAME] [--debug]
                             [--data {MARKET,MSMT17,DUKE,MSMT17Extra}]
                             [--num NUM] [--height HEIGHT] [--width WIDTH]
                             [--net {resnet50,PatchNet,PatchNetUn}]
                             [--scale SCALE] [--mm MM] [--ploss PLOSS]
                             [--iloss ILOSS] [--margin MARGIN]
                             [--pre-name PRE_NAME]
unsupervised_train.py: error: unrecognized arguments: nvidia-smi
